  [1m[35m (433.7ms)[0m  [1m[35mCREATE DATABASE "Ludicrous_development" ENCODING = 'unicode'[0m
  ↳ bin/rails:9
  [1m[35m (249.7ms)[0m  [1m[35mCREATE DATABASE "Ludicrous_test" ENCODING = 'unicode'[0m
  ↳ bin/rails:9
  [1m[35m (16.1ms)[0m  [1m[35mCREATE TABLE "schema_migrations" ("version" character varying NOT NULL PRIMARY KEY)[0m
  ↳ bin/rails:9
  [1m[35m (4.2ms)[0m  [1m[35mCREATE TABLE "ar_internal_metadata" ("key" character varying NOT NULL PRIMARY KEY, "value" character varying, "created_at" timestamp NOT NULL, "updated_at" timestamp NOT NULL)[0m
  ↳ bin/rails:9
  [1m[35m (0.7ms)[0m  [1m[34mSELECT pg_try_advisory_lock(888442568904494100)[0m
  ↳ bin/rails:9
  [1m[35m (0.6ms)[0m  [1m[34mSELECT "schema_migrations"."version" FROM "schema_migrations" ORDER BY "schema_migrations"."version" ASC[0m
  ↳ bin/rails:9
Migrating to CreateUsers (20200406161148)
  [1m[35m (0.2ms)[0m  [1m[35mBEGIN[0m
  ↳ bin/rails:9
  [1m[35m (6.5ms)[0m  [1m[35mCREATE TABLE "users" ("id" bigserial primary key, "username" character varying, "email" character varying, "password_digest" character varying, "session_token" character varying, "created_at" timestamp NOT NULL, "updated_at" timestamp NOT NULL)[0m
  ↳ db/migrate/20200406161148_create_users.rb:3
  [1m[35m (2.5ms)[0m  [1m[35mCREATE  INDEX  "index_users_on_username" ON "users"  ("username")[0m
  ↳ db/migrate/20200406161148_create_users.rb:12
  [1m[35m (2.6ms)[0m  [1m[35mCREATE  INDEX  "index_users_on_password_digest" ON "users"  ("password_digest")[0m
  ↳ db/migrate/20200406161148_create_users.rb:13
  [1m[35m (1.4ms)[0m  [1m[35mCREATE  INDEX  "index_users_on_session_token" ON "users"  ("session_token")[0m
  ↳ db/migrate/20200406161148_create_users.rb:14
  [1m[36mActiveRecord::SchemaMigration Create (0.7ms)[0m  [1m[32mINSERT INTO "schema_migrations" ("version") VALUES ($1) RETURNING "version"[0m  [["version", "20200406161148"]]
  ↳ bin/rails:9
  [1m[35m (0.5ms)[0m  [1m[35mCOMMIT[0m
  ↳ bin/rails:9
  [1m[36mActiveRecord::InternalMetadata Load (0.6ms)[0m  [1m[34mSELECT  "ar_internal_metadata".* FROM "ar_internal_metadata" WHERE "ar_internal_metadata"."key" = $1 LIMIT $2[0m  [["key", "environment"], ["LIMIT", 1]]
  ↳ bin/rails:9
  [1m[35m (0.2ms)[0m  [1m[35mBEGIN[0m
  ↳ bin/rails:9
  [1m[36mActiveRecord::InternalMetadata Create (0.6ms)[0m  [1m[32mINSERT INTO "ar_internal_metadata" ("key", "value", "created_at", "updated_at") VALUES ($1, $2, $3, $4) RETURNING "key"[0m  [["key", "environment"], ["value", "development"], ["created_at", "2020-04-06 16:12:41.587204"], ["updated_at", "2020-04-06 16:12:41.587204"]]
  ↳ bin/rails:9
  [1m[35m (0.4ms)[0m  [1m[35mCOMMIT[0m
  ↳ bin/rails:9
  [1m[35m (0.3ms)[0m  [1m[34mSELECT pg_advisory_unlock(888442568904494100)[0m
  ↳ bin/rails:9
  [1m[35m (1.2ms)[0m  [1m[34mSELECT "schema_migrations"."version" FROM "schema_migrations" ORDER BY "schema_migrations"."version" ASC[0m
  ↳ bin/rails:9
  [1m[35m (0.9ms)[0m  [1m[34mSELECT "schema_migrations"."version" FROM "schema_migrations" ORDER BY "schema_migrations"."version" ASC[0m
  ↳ /Users/Connor/.rbenv/versions/2.5.1/bin/annotate:23
  [1m[35m (0.2ms)[0m  [1m[35mBEGIN[0m
  [1m[36mUser Exists (4.6ms)[0m  [1m[34mSELECT  1 AS one FROM "users" WHERE "users"."username" = $1 LIMIT $2[0m  [["username", "Connor"], ["LIMIT", 1]]
  [1m[35m (0.3ms)[0m  [1m[31mROLLBACK[0m
  [1m[35m (0.2ms)[0m  [1m[35mBEGIN[0m
  [1m[36mUser Exists (0.5ms)[0m  [1m[34mSELECT  1 AS one FROM "users" WHERE "users"."username" = $1 LIMIT $2[0m  [["username", "Connor"], ["LIMIT", 1]]
  [1m[36mUser Create (1.2ms)[0m  [1m[32mINSERT INTO "users" ("username", "email", "password_digest", "session_token", "created_at", "updated_at") VALUES ($1, $2, $3, $4, $5, $6) RETURNING "id"[0m  [["username", "Connor"], ["email", "connor@gmail"], ["password_digest", "$2a$12$F8HleRJKbtdkGX951EDeqOXho0C76SIPPn9NrsBsdtTbFcf6.AlPi"], ["session_token", "25jo8kGtOhfgzKhxLgy3gQ"], ["created_at", "2020-04-06 17:17:50.537418"], ["updated_at", "2020-04-06 17:17:50.537418"]]
  [1m[35m (7.4ms)[0m  [1m[35mCOMMIT[0m
Started GET "/" for ::1 at 2020-04-06 13:40:11 -0400
  [1m[35m (2.6ms)[0m  [1m[34mSELECT "schema_migrations"."version" FROM "schema_migrations" ORDER BY "schema_migrations"."version" ASC[0m
  ↳ /Users/Connor/.rbenv/versions/2.5.1/lib/ruby/gems/2.5.0/gems/activerecord-5.2.4.2/lib/active_record/log_subscriber.rb:98
Processing by Rails::WelcomeController#index as HTML
  Rendering /Users/Connor/.rbenv/versions/2.5.1/lib/ruby/gems/2.5.0/gems/railties-5.2.4.2/lib/rails/templates/rails/welcome/index.html.erb
  Rendered /Users/Connor/.rbenv/versions/2.5.1/lib/ruby/gems/2.5.0/gems/railties-5.2.4.2/lib/rails/templates/rails/welcome/index.html.erb (4.7ms)
Completed 200 OK in 34ms (Views: 23.3ms | ActiveRecord: 0.0ms)


Started GET "/" for ::1 at 2020-04-06 13:40:19 -0400
Processing by Rails::WelcomeController#index as HTML
  Rendering /Users/Connor/.rbenv/versions/2.5.1/lib/ruby/gems/2.5.0/gems/railties-5.2.4.2/lib/rails/templates/rails/welcome/index.html.erb
  Rendered /Users/Connor/.rbenv/versions/2.5.1/lib/ruby/gems/2.5.0/gems/railties-5.2.4.2/lib/rails/templates/rails/welcome/index.html.erb (5.2ms)
Completed 200 OK in 19ms (Views: 12.3ms | ActiveRecord: 0.0ms)


Started GET "/" for ::1 at 2020-04-06 13:41:42 -0400
Processing by Rails::WelcomeController#index as HTML
  Rendering /Users/Connor/.rbenv/versions/2.5.1/lib/ruby/gems/2.5.0/gems/railties-5.2.4.2/lib/rails/templates/rails/welcome/index.html.erb
  Rendered /Users/Connor/.rbenv/versions/2.5.1/lib/ruby/gems/2.5.0/gems/railties-5.2.4.2/lib/rails/templates/rails/welcome/index.html.erb (4.1ms)
Completed 200 OK in 20ms (Views: 13.8ms | ActiveRecord: 0.0ms)


Started GET "/" for ::1 at 2020-04-06 13:42:51 -0400
Processing by Rails::WelcomeController#index as HTML
  Rendering /Users/Connor/.rbenv/versions/2.5.1/lib/ruby/gems/2.5.0/gems/railties-5.2.4.2/lib/rails/templates/rails/welcome/index.html.erb
  Rendered /Users/Connor/.rbenv/versions/2.5.1/lib/ruby/gems/2.5.0/gems/railties-5.2.4.2/lib/rails/templates/rails/welcome/index.html.erb (4.2ms)
Completed 200 OK in 23ms (Views: 13.5ms | ActiveRecord: 0.0ms)


Started GET "/" for ::1 at 2020-04-06 13:42:52 -0400
Processing by Rails::WelcomeController#index as HTML
  Rendering /Users/Connor/.rbenv/versions/2.5.1/lib/ruby/gems/2.5.0/gems/railties-5.2.4.2/lib/rails/templates/rails/welcome/index.html.erb
  Rendered /Users/Connor/.rbenv/versions/2.5.1/lib/ruby/gems/2.5.0/gems/railties-5.2.4.2/lib/rails/templates/rails/welcome/index.html.erb (2.6ms)
Completed 200 OK in 15ms (Views: 8.6ms | ActiveRecord: 0.0ms)


Started GET "/" for ::1 at 2020-04-06 13:43:46 -0400

NameError - uninitialized constant RootController:

Started POST "/__better_errors/d88bd933120e769f/variables" for ::1 at 2020-04-06 13:43:46 -0400
Started GET "/" for ::1 at 2020-04-06 13:44:41 -0400

NameError - uninitialized constant RootController:

Started POST "/__better_errors/c63c48b4a74e9f96/variables" for ::1 at 2020-04-06 13:44:41 -0400
Started GET "/" for ::1 at 2020-04-06 13:45:51 -0400

SyntaxError - syntax error, unexpected ']', expecting ')'
...token: session[:session_token]])
...                              ^
/Users/Connor/Desktop/Ludicrous/app/controllers/application_controller.rb:21: syntax error, unexpected end-of-input, expecting keyword_end:
  app/controllers/application_controller.rb:6:in `'
  app/controllers/root_controller.rb:1:in `<top (required)>'

Started POST "/__better_errors/9f75bbb1f1bcec28/variables" for ::1 at 2020-04-06 13:45:52 -0400
Started GET "/" for ::1 at 2020-04-06 13:45:54 -0400

SyntaxError - syntax error, unexpected ']', expecting ')'
...token: session[:session_token]])
...                              ^
/Users/Connor/Desktop/Ludicrous/app/controllers/application_controller.rb:21: syntax error, unexpected end-of-input, expecting keyword_end:
  app/controllers/application_controller.rb:6:in `'
  app/controllers/root_controller.rb:1:in `<top (required)>'

Started POST "/__better_errors/74402584e2fd856a/variables" for ::1 at 2020-04-06 13:45:54 -0400
Started GET "/" for ::1 at 2020-04-06 13:46:06 -0400

SyntaxError - syntax error, unexpected end-of-input, expecting keyword_end:
  app/controllers/application_controller.rb:21:in `'
  app/controllers/root_controller.rb:1:in `<top (required)>'

Started POST "/__better_errors/a22e8c7be1683250/variables" for ::1 at 2020-04-06 13:46:06 -0400
Started GET "/" for ::1 at 2020-04-06 13:46:11 -0400
Processing by RootController#root as HTML
  Rendering root/root.html.erb within layouts/application
  Rendered root/root.html.erb within layouts/application (0.4ms)
Completed 200 OK in 1708ms (Views: 1698.3ms | ActiveRecord: 0.0ms)


Started GET "/" for ::1 at 2020-04-06 13:46:15 -0400
Processing by RootController#root as HTML
  Rendering root/root.html.erb within layouts/application
  Rendered root/root.html.erb within layouts/application (1.0ms)
Completed 200 OK in 34ms (Views: 30.9ms | ActiveRecord: 0.0ms)


Started GET "/" for ::1 at 2020-04-06 13:49:14 -0400
  [1m[35m (1.9ms)[0m  [1m[34mSELECT "schema_migrations"."version" FROM "schema_migrations" ORDER BY "schema_migrations"."version" ASC[0m
  ↳ /Users/Connor/.rbenv/versions/2.5.1/lib/ruby/gems/2.5.0/gems/activerecord-5.2.4.2/lib/active_record/log_subscriber.rb:98
Processing by RootController#root as HTML
  Rendering root/root.html.erb within layouts/application
  Rendered root/root.html.erb within layouts/application (1.2ms)
Completed 200 OK in 1297ms (Views: 1287.0ms | ActiveRecord: 0.0ms)


Started GET "/" for ::1 at 2020-04-06 14:15:48 -0400
Processing by RootController#root as HTML
  Rendering root/root.html.erb within layouts/application
  Rendered root/root.html.erb within layouts/application (0.7ms)
Completed 200 OK in 471ms (Views: 462.0ms | ActiveRecord: 0.0ms)


Started POST "/api/users" for ::1 at 2020-04-06 14:15:52 -0400
Processing by Api::UsersController#create as JSON
Completed 400 Bad Request in 19ms (ActiveRecord: 0.0ms)



ActionController::ParameterMissing - param is missing or the value is empty: user:
  app/controllers/api/users_controller.rb:14:in `user_params'
  app/controllers/api/users_controller.rb:3:in `create'

Started POST "/api/users" for ::1 at 2020-04-06 14:17:36 -0400
Processing by Api::UsersController#create as JSON
  Parameters: {"user"=>{"user"=>{"username"=>"TestAJAXfromConsole", "email"=>"email", "password"=>"[FILTERED]"}}}
Unpermitted parameter: :user
  [1m[35m (0.2ms)[0m  [1m[35mBEGIN[0m
  ↳ app/models/user.rb:40
  [1m[36mUser Exists (4.5ms)[0m  [1m[34mSELECT  1 AS one FROM "users" WHERE "users"."username" IS NULL LIMIT $1[0m  [["LIMIT", 1]]
  ↳ app/models/user.rb:40
  [1m[35m (0.3ms)[0m  [1m[31mROLLBACK[0m
  ↳ app/models/user.rb:40
Completed 500 Internal Server Error in 140ms (ActiveRecord: 42.6ms)



ActionView::MissingTemplate - Missing template api/users/show, application/show with {:locale=>[:en], :formats=>[:json], :variants=>[], :handlers=>[:raw, :erb, :html, :builder, :ruby, :coffee, :jbuilder]}. Searched in:
  * "/Users/Connor/Desktop/Ludicrous/app/views"
:
  app/controllers/api/users_controller.rb:6:in `create'

  [1m[36mUser Load (3.8ms)[0m  [1m[34mSELECT "users".* FROM "users"[0m
Started GET "/" for ::1 at 2020-04-06 14:18:57 -0400
Processing by RootController#root as HTML
  Rendering root/root.html.erb within layouts/application
  Rendered root/root.html.erb within layouts/application (0.4ms)
Completed 200 OK in 55ms (Views: 52.9ms | ActiveRecord: 0.0ms)


Started POST "/api/users" for ::1 at 2020-04-06 14:19:04 -0400
Processing by Api::UsersController#create as JSON
  Parameters: {"user"=>{"user"=>{"username"=>"TestAJAXfromConsole", "email"=>"email", "password"=>"[FILTERED]"}}}
Unpermitted parameter: :user
  [1m[35m (0.2ms)[0m  [1m[35mBEGIN[0m
  ↳ app/controllers/api/users_controller.rb:4
  [1m[36mUser Exists (0.3ms)[0m  [1m[34mSELECT  1 AS one FROM "users" WHERE "users"."username" IS NULL LIMIT $1[0m  [["LIMIT", 1]]
  ↳ app/controllers/api/users_controller.rb:4
  [1m[35m (0.2ms)[0m  [1m[31mROLLBACK[0m
  ↳ app/controllers/api/users_controller.rb:4
Completed 401 Unauthorized in 22ms (Views: 0.2ms | ActiveRecord: 6.8ms)


Started GET "/" for ::1 at 2020-04-06 14:19:34 -0400
Processing by RootController#root as HTML
  Rendering root/root.html.erb within layouts/application
  Rendered root/root.html.erb within layouts/application (0.6ms)
Completed 200 OK in 403ms (Views: 398.9ms | ActiveRecord: 0.0ms)


Started POST "/api/users" for ::1 at 2020-04-06 14:19:40 -0400
Processing by Api::UsersController#create as JSON
  Parameters: {"user"=>{"username"=>"TestAJAXfromConsole", "email"=>"email", "password"=>"[FILTERED]"}}
  [1m[35m (0.3ms)[0m  [1m[35mBEGIN[0m
  ↳ app/controllers/api/users_controller.rb:4
  [1m[36mUser Exists (0.9ms)[0m  [1m[34mSELECT  1 AS one FROM "users" WHERE "users"."username" = $1 LIMIT $2[0m  [["username", "TestAJAXfromConsole"], ["LIMIT", 1]]
  ↳ app/controllers/api/users_controller.rb:4
  [1m[36mUser Create (8.8ms)[0m  [1m[32mINSERT INTO "users" ("username", "email", "password_digest", "session_token", "created_at", "updated_at") VALUES ($1, $2, $3, $4, $5, $6) RETURNING "id"[0m  [["username", "TestAJAXfromConsole"], ["email", "email"], ["password_digest", "$2a$12$3lyxzE15dmxR5kAfjvTtEeu3gQvIN426j0sYRx9GkwJ0GcorYGdBC"], ["session_token", "aIOVX0rqm5Z9EKuclOLXbg"], ["created_at", "2020-04-06 18:19:40.962146"], ["updated_at", "2020-04-06 18:19:40.962146"]]
  ↳ app/controllers/api/users_controller.rb:4
  [1m[35m (1.4ms)[0m  [1m[35mCOMMIT[0m
  ↳ app/controllers/api/users_controller.rb:4
  [1m[35m (0.2ms)[0m  [1m[35mBEGIN[0m
  ↳ app/models/user.rb:40
  [1m[36mUser Exists (1.5ms)[0m  [1m[34mSELECT  1 AS one FROM "users" WHERE "users"."username" = $1 AND "users"."id" != $2 LIMIT $3[0m  [["username", "TestAJAXfromConsole"], ["id", 2], ["LIMIT", 1]]
  ↳ app/models/user.rb:40
  [1m[36mUser Update (2.9ms)[0m  [1m[33mUPDATE "users" SET "session_token" = $1, "updated_at" = $2 WHERE "users"."id" = $3[0m  [["session_token", "2t4zCD99JtJDwG4E3FKVDQ"], ["updated_at", "2020-04-06 18:19:40.978525"], ["id", 2]]
  ↳ app/models/user.rb:40
  [1m[35m (0.4ms)[0m  [1m[35mCOMMIT[0m
  ↳ app/models/user.rb:40
No template found for Api::UsersController#create, rendering head :no_content
Completed 204 No Content in 391ms (ActiveRecord: 16.4ms)


  [1m[36mUser Load (0.3ms)[0m  [1m[34mSELECT "users".* FROM "users"[0m
Started POST "/api/users" for ::1 at 2020-04-06 14:23:32 -0400
Processing by Api::UsersController#create as JSON
  Parameters: {"username"=>"TestAJAXwithDataDeconstructed", "email"=>"email", "password"=>"[FILTERED]"}
Completed 400 Bad Request in 2ms (ActiveRecord: 0.0ms)



ActionController::ParameterMissing - param is missing or the value is empty: user:
  app/controllers/api/users_controller.rb:14:in `user_params'
  app/controllers/api/users_controller.rb:3:in `create'

Started DELETE "/api/session" for ::1 at 2020-04-06 14:24:19 -0400
Processing by Api::SessionsController#destroy as JSON
  [1m[36mUser Load (0.3ms)[0m  [1m[34mSELECT  "users".* FROM "users" WHERE "users"."session_token" = $1 LIMIT $2[0m  [["session_token", "2t4zCD99JtJDwG4E3FKVDQ"], ["LIMIT", 1]]
  ↳ app/controllers/application_controller.rb:6
  [1m[35m (0.2ms)[0m  [1m[35mBEGIN[0m
  ↳ app/models/user.rb:40
  [1m[36mUser Exists (0.6ms)[0m  [1m[34mSELECT  1 AS one FROM "users" WHERE "users"."username" = $1 AND "users"."id" != $2 LIMIT $3[0m  [["username", "TestAJAXfromConsole"], ["id", 2], ["LIMIT", 1]]
  ↳ app/models/user.rb:40
  [1m[36mUser Update (0.8ms)[0m  [1m[33mUPDATE "users" SET "session_token" = $1, "updated_at" = $2 WHERE "users"."id" = $3[0m  [["session_token", "rYKQC_sfphpspF5Fib_fVg"], ["updated_at", "2020-04-06 18:24:19.087352"], ["id", 2]]
  ↳ app/models/user.rb:40
  [1m[35m (0.4ms)[0m  [1m[35mCOMMIT[0m
  ↳ app/models/user.rb:40
No template found for Api::SessionsController#destroy, rendering head :no_content
Completed 204 No Content in 103ms (ActiveRecord: 2.7ms)


Started POST "/api/session" for ::1 at 2020-04-06 14:25:31 -0400
Processing by Api::SessionsController#create as JSON
  Parameters: {"username"=>"Connor", "password"=>"[FILTERED]"}
Completed 500 Internal Server Error in 3ms (ActiveRecord: 0.0ms)



NoMethodError - undefined method `[]' for nil:NilClass:
  app/controllers/api/sessions_controller.rb:4:in `create'

Started GET "/" for ::1 at 2020-04-06 14:25:58 -0400
Processing by RootController#root as HTML
  Rendering root/root.html.erb within layouts/application
  Rendered root/root.html.erb within layouts/application (1.0ms)
Completed 200 OK in 72ms (Views: 69.8ms | ActiveRecord: 0.0ms)


Started POST "/api/session" for ::1 at 2020-04-06 14:26:01 -0400
Processing by Api::SessionsController#create as JSON
  Parameters: {"username"=>"Connor", "password"=>"[FILTERED]"}
Completed 500 Internal Server Error in 34ms (ActiveRecord: 2.2ms)



NoMethodError - undefined method `find_by_credentials' for #<Class:0x00007f7f9b193f30>
Did you mean?  find_in_batches:
  app/controllers/api/sessions_controller.rb:4:in `create'

Started GET "/" for ::1 at 2020-04-06 14:26:24 -0400
Processing by RootController#root as HTML
  Rendering root/root.html.erb within layouts/application
  Rendered root/root.html.erb within layouts/application (0.3ms)
Completed 200 OK in 42ms (Views: 39.6ms | ActiveRecord: 0.0ms)


Started POST "/api/session" for ::1 at 2020-04-06 14:26:29 -0400
Processing by Api::SessionsController#create as JSON
  Parameters: {"username"=>"Connor", "password"=>"[FILTERED]"}
  [1m[36mUser Load (0.3ms)[0m  [1m[34mSELECT  "users".* FROM "users" WHERE "users"."username" = $1 LIMIT $2[0m  [["username", "Connor"], ["LIMIT", 1]]
  ↳ app/models/user.rb:24
  [1m[35m (0.2ms)[0m  [1m[35mBEGIN[0m
  ↳ app/models/user.rb:40
  [1m[36mUser Exists (0.5ms)[0m  [1m[34mSELECT  1 AS one FROM "users" WHERE "users"."username" = $1 AND "users"."id" != $2 LIMIT $3[0m  [["username", "Connor"], ["id", 1], ["LIMIT", 1]]
  ↳ app/models/user.rb:40
  [1m[36mUser Update (0.5ms)[0m  [1m[33mUPDATE "users" SET "session_token" = $1, "updated_at" = $2 WHERE "users"."id" = $3[0m  [["session_token", "OqFfqkwFZKLDemvhNzzzeA"], ["updated_at", "2020-04-06 18:26:30.045484"], ["id", 1]]
  ↳ app/models/user.rb:40
  [1m[35m (1.8ms)[0m  [1m[35mCOMMIT[0m
  ↳ app/models/user.rb:40
No template found for Api::SessionsController#create, rendering head :no_content
Completed 204 No Content in 398ms (ActiveRecord: 10.2ms)


Started GET "/" for ::1 at 2020-04-06 14:35:46 -0400
Processing by RootController#root as HTML
  Rendering root/root.html.erb within layouts/application
  Rendered root/root.html.erb within layouts/application (0.6ms)
Completed 200 OK in 468ms (Views: 458.7ms | ActiveRecord: 0.0ms)


Started GET "/" for ::1 at 2020-04-06 14:59:08 -0400
Processing by RootController#root as HTML
  Rendering root/root.html.erb within layouts/application
  Rendered root/root.html.erb within layouts/application (0.4ms)
Completed 200 OK in 447ms (Views: 437.9ms | ActiveRecord: 0.0ms)


Started POST "/api/users" for ::1 at 2020-04-06 15:00:27 -0400
Processing by Api::UsersController#create as JSON
  Parameters: {"username"=>"", "email"=>"", "password"=>"[FILTERED]"}
Completed 400 Bad Request in 1ms (ActiveRecord: 0.0ms)



ActionController::ParameterMissing - param is missing or the value is empty: user:
  app/controllers/api/users_controller.rb:14:in `user_params'
  app/controllers/api/users_controller.rb:3:in `create'

Started GET "/" for ::1 at 2020-04-06 15:00:50 -0400
Processing by RootController#root as HTML
  Rendering root/root.html.erb within layouts/application
  Rendered root/root.html.erb within layouts/application (0.5ms)
Completed 200 OK in 458ms (Views: 453.6ms | ActiveRecord: 0.0ms)


Started GET "/" for ::1 at 2020-04-06 15:01:31 -0400
Processing by RootController#root as HTML
  Rendering root/root.html.erb within layouts/application
  Rendered root/root.html.erb within layouts/application (0.6ms)
Completed 200 OK in 401ms (Views: 396.9ms | ActiveRecord: 0.0ms)


Started GET "/" for ::1 at 2020-04-06 15:02:26 -0400
Processing by RootController#root as HTML
  Rendering root/root.html.erb within layouts/application
  Rendered root/root.html.erb within layouts/application (0.4ms)
Completed 200 OK in 395ms (Views: 392.3ms | ActiveRecord: 0.0ms)


Started POST "/api/users" for ::1 at 2020-04-06 15:02:44 -0400
Processing by Api::UsersController#create as JSON
  Parameters: {"username"=>"TestFromWebsite", "email"=>"email", "password"=>"[FILTERED]"}
Completed 400 Bad Request in 2ms (ActiveRecord: 0.0ms)



ActionController::ParameterMissing - param is missing or the value is empty: user:
  app/controllers/api/users_controller.rb:14:in `user_params'
  app/controllers/api/users_controller.rb:3:in `create'

Started GET "/" for ::1 at 2020-04-06 15:04:11 -0400
Processing by RootController#root as HTML
  Rendering root/root.html.erb within layouts/application
  Rendered root/root.html.erb within layouts/application (0.7ms)
Completed 200 OK in 383ms (Views: 380.1ms | ActiveRecord: 0.0ms)


Started POST "/api/users" for ::1 at 2020-04-06 15:04:36 -0400
Processing by Api::UsersController#create as JSON
  Parameters: {"user"=>{"username"=>"TestFromWebsite", "email"=>"email", "password"=>"[FILTERED]"}}
  [1m[35m (0.3ms)[0m  [1m[35mBEGIN[0m
  ↳ app/controllers/api/users_controller.rb:4
  [1m[36mUser Exists (12.6ms)[0m  [1m[34mSELECT  1 AS one FROM "users" WHERE "users"."username" = $1 LIMIT $2[0m  [["username", "TestFromWebsite"], ["LIMIT", 1]]
  ↳ app/controllers/api/users_controller.rb:4
  [1m[36mUser Create (1.1ms)[0m  [1m[32mINSERT INTO "users" ("username", "email", "password_digest", "session_token", "created_at", "updated_at") VALUES ($1, $2, $3, $4, $5, $6) RETURNING "id"[0m  [["username", "TestFromWebsite"], ["email", "email"], ["password_digest", "$2a$12$n2Pd6LW8ckUMNWQQs5BWROeOHrmZ6ER7x6WoeSgE6xofCDzh1SK1i"], ["session_token", "hfw_HBkV3NWZCmrOo-t5Bw"], ["created_at", "2020-04-06 19:04:37.089322"], ["updated_at", "2020-04-06 19:04:37.089322"]]
  ↳ app/controllers/api/users_controller.rb:4
  [1m[35m (1.8ms)[0m  [1m[35mCOMMIT[0m
  ↳ app/controllers/api/users_controller.rb:4
  [1m[35m (0.3ms)[0m  [1m[35mBEGIN[0m
  ↳ app/models/user.rb:40
  [1m[36mUser Exists (0.7ms)[0m  [1m[34mSELECT  1 AS one FROM "users" WHERE "users"."username" = $1 AND "users"."id" != $2 LIMIT $3[0m  [["username", "TestFromWebsite"], ["id", 3], ["LIMIT", 1]]
  ↳ app/models/user.rb:40
  [1m[36mUser Update (0.7ms)[0m  [1m[33mUPDATE "users" SET "session_token" = $1, "updated_at" = $2 WHERE "users"."id" = $3[0m  [["session_token", "O_Rydu2iZ6KaXUaenlrwKg"], ["updated_at", "2020-04-06 19:04:37.097034"], ["id", 3]]
  ↳ app/models/user.rb:40
  [1m[35m (0.4ms)[0m  [1m[35mCOMMIT[0m
  ↳ app/models/user.rb:40
No template found for Api::UsersController#create, rendering head :no_content
Completed 204 No Content in 388ms (ActiveRecord: 17.9ms)


Started GET "/" for ::1 at 2020-04-06 15:05:07 -0400
Processing by RootController#root as HTML
  Rendering root/root.html.erb within layouts/application
  Rendered root/root.html.erb within layouts/application (0.3ms)
Completed 200 OK in 438ms (Views: 434.2ms | ActiveRecord: 0.0ms)


Started POST "/api/users" for ::1 at 2020-04-06 15:05:22 -0400
Processing by Api::UsersController#create as JSON
  Parameters: {"user"=>{"username"=>"TestWithDeconstructed", "email"=>"email", "password"=>"[FILTERED]"}}
  [1m[35m (0.2ms)[0m  [1m[35mBEGIN[0m
  ↳ app/controllers/api/users_controller.rb:4
  [1m[36mUser Exists (0.4ms)[0m  [1m[34mSELECT  1 AS one FROM "users" WHERE "users"."username" = $1 LIMIT $2[0m  [["username", "TestWithDeconstructed"], ["LIMIT", 1]]
  ↳ app/controllers/api/users_controller.rb:4
  [1m[36mUser Create (0.4ms)[0m  [1m[32mINSERT INTO "users" ("username", "email", "password_digest", "session_token", "created_at", "updated_at") VALUES ($1, $2, $3, $4, $5, $6) RETURNING "id"[0m  [["username", "TestWithDeconstructed"], ["email", "email"], ["password_digest", "$2a$12$buLfSSgA1yUQhCsYtK7Yxu4kTiyDxQDDEvMtHiT531wVg.cDJsFQy"], ["session_token", "o0I-kawSuZ4hoqclQV7MFQ"], ["created_at", "2020-04-06 19:05:22.571903"], ["updated_at", "2020-04-06 19:05:22.571903"]]
  ↳ app/controllers/api/users_controller.rb:4
  [1m[35m (8.5ms)[0m  [1m[35mCOMMIT[0m
  ↳ app/controllers/api/users_controller.rb:4
  [1m[35m (0.2ms)[0m  [1m[35mBEGIN[0m
  ↳ app/models/user.rb:40
  [1m[36mUser Exists (0.6ms)[0m  [1m[34mSELECT  1 AS one FROM "users" WHERE "users"."username" = $1 AND "users"."id" != $2 LIMIT $3[0m  [["username", "TestWithDeconstructed"], ["id", 4], ["LIMIT", 1]]
  ↳ app/models/user.rb:40
  [1m[36mUser Update (0.5ms)[0m  [1m[33mUPDATE "users" SET "session_token" = $1, "updated_at" = $2 WHERE "users"."id" = $3[0m  [["session_token", "qrbt5KJCo6OjwRKqduvxKw"], ["updated_at", "2020-04-06 19:05:22.585081"], ["id", 4]]
  ↳ app/models/user.rb:40
  [1m[35m (0.4ms)[0m  [1m[35mCOMMIT[0m
  ↳ app/models/user.rb:40
No template found for Api::UsersController#create, rendering head :no_content
Completed 204 No Content in 379ms (ActiveRecord: 11.2ms)


  [1m[36mUser Load (3.3ms)[0m  [1m[34mSELECT "users".* FROM "users"[0m
Started GET "/" for ::1 at 2020-04-06 15:08:10 -0400
Processing by RootController#root as HTML
  Rendering root/root.html.erb within layouts/application
  Rendered root/root.html.erb within layouts/application (1.4ms)
Completed 200 OK in 439ms (Views: 435.6ms | ActiveRecord: 0.0ms)


Started POST "/api/users" for ::1 at 2020-04-06 15:08:24 -0400
Processing by Api::UsersController#create as JSON
  Parameters: {"user"=>{"username"=>"TestForInputClear", "email"=>"email", "password"=>"[FILTERED]"}}
  [1m[35m (0.2ms)[0m  [1m[35mBEGIN[0m
  ↳ app/controllers/api/users_controller.rb:4
  [1m[36mUser Exists (0.5ms)[0m  [1m[34mSELECT  1 AS one FROM "users" WHERE "users"."username" = $1 LIMIT $2[0m  [["username", "TestForInputClear"], ["LIMIT", 1]]
  ↳ app/controllers/api/users_controller.rb:4
  [1m[36mUser Create (0.5ms)[0m  [1m[32mINSERT INTO "users" ("username", "email", "password_digest", "session_token", "created_at", "updated_at") VALUES ($1, $2, $3, $4, $5, $6) RETURNING "id"[0m  [["username", "TestForInputClear"], ["email", "email"], ["password_digest", "$2a$12$D3PtRP8xKJ/t.YBFMI6XSO1gDNnVkIZqLSHbV6O04LETU1trJbEUa"], ["session_token", "DZC-9GZ79rwEvs50oa0M8g"], ["created_at", "2020-04-06 19:08:24.610595"], ["updated_at", "2020-04-06 19:08:24.610595"]]
  ↳ app/controllers/api/users_controller.rb:4
  [1m[35m (2.6ms)[0m  [1m[35mCOMMIT[0m
  ↳ app/controllers/api/users_controller.rb:4
  [1m[35m (0.2ms)[0m  [1m[35mBEGIN[0m
  ↳ app/models/user.rb:40
  [1m[36mUser Exists (0.5ms)[0m  [1m[34mSELECT  1 AS one FROM "users" WHERE "users"."username" = $1 AND "users"."id" != $2 LIMIT $3[0m  [["username", "TestForInputClear"], ["id", 5], ["LIMIT", 1]]
  ↳ app/models/user.rb:40
  [1m[36mUser Update (0.5ms)[0m  [1m[33mUPDATE "users" SET "session_token" = $1, "updated_at" = $2 WHERE "users"."id" = $3[0m  [["session_token", "pHxhQKoPS9SbhlXCbEm7yg"], ["updated_at", "2020-04-06 19:08:24.618625"], ["id", 5]]
  ↳ app/models/user.rb:40
  [1m[35m (0.4ms)[0m  [1m[35mCOMMIT[0m
  ↳ app/models/user.rb:40
No template found for Api::UsersController#create, rendering head :no_content
Completed 204 No Content in 383ms (ActiveRecord: 5.3ms)


Started GET "/" for ::1 at 2020-04-06 15:08:53 -0400
Processing by RootController#root as HTML
  Rendering root/root.html.erb within layouts/application
  Rendered root/root.html.erb within layouts/application (0.6ms)
Completed 200 OK in 513ms (Views: 510.3ms | ActiveRecord: 0.0ms)


Started POST "/api/users" for ::1 at 2020-04-06 15:09:01 -0400
Processing by Api::UsersController#create as JSON
  Parameters: {"user"=>{"username"=>"TestForUserInput", "email"=>"email", "password"=>"[FILTERED]"}}
  [1m[35m (0.2ms)[0m  [1m[35mBEGIN[0m
  ↳ app/controllers/api/users_controller.rb:4
  [1m[36mUser Exists (0.4ms)[0m  [1m[34mSELECT  1 AS one FROM "users" WHERE "users"."username" = $1 LIMIT $2[0m  [["username", "TestForUserInput"], ["LIMIT", 1]]
  ↳ app/controllers/api/users_controller.rb:4
  [1m[36mUser Create (0.4ms)[0m  [1m[32mINSERT INTO "users" ("username", "email", "password_digest", "session_token", "created_at", "updated_at") VALUES ($1, $2, $3, $4, $5, $6) RETURNING "id"[0m  [["username", "TestForUserInput"], ["email", "email"], ["password_digest", "$2a$12$VAhPBy7c/KihQCglTKPbtuoWgKolBP1dcwkO.PO645riDoEoKPPSO"], ["session_token", "3KQTZwQic5ch3KA1a-2hgw"], ["created_at", "2020-04-06 19:09:01.394769"], ["updated_at", "2020-04-06 19:09:01.394769"]]
  ↳ app/controllers/api/users_controller.rb:4
  [1m[35m (8.5ms)[0m  [1m[35mCOMMIT[0m
  ↳ app/controllers/api/users_controller.rb:4
  [1m[35m (0.2ms)[0m  [1m[35mBEGIN[0m
  ↳ app/models/user.rb:40
  [1m[36mUser Exists (0.6ms)[0m  [1m[34mSELECT  1 AS one FROM "users" WHERE "users"."username" = $1 AND "users"."id" != $2 LIMIT $3[0m  [["username", "TestForUserInput"], ["id", 6], ["LIMIT", 1]]
  ↳ app/models/user.rb:40
  [1m[36mUser Update (0.7ms)[0m  [1m[33mUPDATE "users" SET "session_token" = $1, "updated_at" = $2 WHERE "users"."id" = $3[0m  [["session_token", "22nVh9Q5qP3WYZVTonuYUg"], ["updated_at", "2020-04-06 19:09:01.407870"], ["id", 6]]
  ↳ app/models/user.rb:40
  [1m[35m (0.5ms)[0m  [1m[35mCOMMIT[0m
  ↳ app/models/user.rb:40
No template found for Api::UsersController#create, rendering head :no_content
Completed 204 No Content in 380ms (ActiveRecord: 11.5ms)


  [1m[36mUser Load (0.7ms)[0m  [1m[34mSELECT "users".* FROM "users"[0m
Started GET "/" for ::1 at 2020-04-06 15:14:55 -0400
Processing by RootController#root as HTML
  Rendering root/root.html.erb within layouts/application
  Rendered root/root.html.erb within layouts/application (0.8ms)
Completed 200 OK in 518ms (Views: 515.4ms | ActiveRecord: 0.0ms)


Started GET "/" for ::1 at 2020-04-06 15:15:27 -0400
Processing by RootController#root as HTML
  Rendering root/root.html.erb within layouts/application
  Rendered root/root.html.erb within layouts/application (0.5ms)
Completed 200 OK in 68ms (Views: 58.6ms | ActiveRecord: 0.0ms)


Started GET "/" for ::1 at 2020-04-06 15:15:41 -0400
Processing by RootController#root as HTML
  Rendering root/root.html.erb within layouts/application
  Rendered root/root.html.erb within layouts/application (0.6ms)
Completed 200 OK in 435ms (Views: 430.8ms | ActiveRecord: 0.0ms)


Started GET "/" for ::1 at 2020-04-06 15:19:45 -0400
Processing by RootController#root as HTML
  Rendering root/root.html.erb within layouts/application
  Rendered root/root.html.erb within layouts/application (0.4ms)
Completed 200 OK in 405ms (Views: 402.6ms | ActiveRecord: 0.0ms)


Started GET "/" for ::1 at 2020-04-06 15:39:04 -0400
Processing by RootController#root as HTML
  Rendering root/root.html.erb within layouts/application
  Rendered root/root.html.erb within layouts/application (0.4ms)
Completed 200 OK in 449ms (Views: 446.5ms | ActiveRecord: 0.0ms)


Started GET "/" for ::1 at 2020-04-06 15:40:06 -0400
Processing by RootController#root as HTML
  Rendering root/root.html.erb within layouts/application
  Rendered root/root.html.erb within layouts/application (0.3ms)
Completed 200 OK in 456ms (Views: 453.1ms | ActiveRecord: 0.0ms)


Started GET "/" for ::1 at 2020-04-06 15:40:21 -0400
Processing by RootController#root as HTML
  Rendering root/root.html.erb within layouts/application
  Rendered root/root.html.erb within layouts/application (0.5ms)
Completed 200 OK in 424ms (Views: 421.7ms | ActiveRecord: 0.0ms)


Started POST "/api/users" for ::1 at 2020-04-06 15:40:37 -0400
Processing by Api::UsersController#create as JSON
  Parameters: {"user"=>{"username"=>"Connor", "email"=>"connor@gmail.com", "password"=>"[FILTERED]"}}
  [1m[35m (0.2ms)[0m  [1m[35mBEGIN[0m
  ↳ app/controllers/api/users_controller.rb:4
  [1m[36mUser Exists (14.3ms)[0m  [1m[34mSELECT  1 AS one FROM "users" WHERE "users"."username" = $1 LIMIT $2[0m  [["username", "Connor"], ["LIMIT", 1]]
  ↳ app/controllers/api/users_controller.rb:4
  [1m[35m (0.3ms)[0m  [1m[31mROLLBACK[0m
  ↳ app/controllers/api/users_controller.rb:4
Completed 401 Unauthorized in 302ms (Views: 0.3ms | ActiveRecord: 14.7ms)


Started GET "/" for ::1 at 2020-04-06 15:47:38 -0400
Processing by RootController#root as HTML
  Rendering root/root.html.erb within layouts/application
  Rendered root/root.html.erb within layouts/application (0.3ms)
Completed 200 OK in 393ms (Views: 390.5ms | ActiveRecord: 0.0ms)


Started GET "/" for ::1 at 2020-04-06 15:47:55 -0400
Processing by RootController#root as HTML
  Rendering root/root.html.erb within layouts/application
  Rendered root/root.html.erb within layouts/application (0.5ms)
Completed 200 OK in 424ms (Views: 419.6ms | ActiveRecord: 0.0ms)


Started GET "/" for ::1 at 2020-04-06 15:48:19 -0400
Processing by RootController#root as HTML
  Rendering root/root.html.erb within layouts/application
  Rendered root/root.html.erb within layouts/application (0.4ms)
Completed 200 OK in 528ms (Views: 524.1ms | ActiveRecord: 0.0ms)


Started GET "/" for ::1 at 2020-04-06 15:48:23 -0400
Processing by RootController#root as HTML
  Rendering root/root.html.erb within layouts/application
  Rendered root/root.html.erb within layouts/application (0.4ms)
Completed 200 OK in 31ms (Views: 29.6ms | ActiveRecord: 0.0ms)


Started GET "/" for ::1 at 2020-04-06 15:48:32 -0400
Processing by RootController#root as HTML
  Rendering root/root.html.erb within layouts/application
  Rendered root/root.html.erb within layouts/application (0.5ms)
Completed 200 OK in 483ms (Views: 478.9ms | ActiveRecord: 0.0ms)


Started GET "/" for ::1 at 2020-04-06 15:48:45 -0400
Processing by RootController#root as HTML
  Rendering root/root.html.erb within layouts/application
  Rendered root/root.html.erb within layouts/application (0.6ms)
Completed 200 OK in 31ms (Views: 28.9ms | ActiveRecord: 0.0ms)


Started GET "/" for ::1 at 2020-04-06 16:15:13 -0400
Processing by RootController#root as HTML
  Rendering root/root.html.erb within layouts/application
  Rendered root/root.html.erb within layouts/application (1.8ms)
Completed 200 OK in 653ms (Views: 649.7ms | ActiveRecord: 0.0ms)


Started GET "/" for ::1 at 2020-04-06 16:20:42 -0400
Processing by RootController#root as HTML
  Rendering root/root.html.erb within layouts/application
  Rendered root/root.html.erb within layouts/application (0.4ms)
Completed 200 OK in 92ms (Views: 86.6ms | ActiveRecord: 0.0ms)


